<?xml version="1.0" encoding="UTF-8"?>
<!-- Generated by org.testng.reporters.JUnitReportReporter -->
<testsuite skipped="0" hostname="Harman" name="Nav.HomePageTest" tests="2" failures="0" timestamp="11 Apr 2019 00:05:02 GMT" time="51.222" errors="0">
  <testcase name="basePaseNavigation" time="28.690" classname="Nav.HomePageTest"/>
  <testcase name="basePaseNavigation" time="22.532" classname="Nav.HomePageTest"/>
</testsuite> <!-- Nav.HomePageTest -->
