<?xml version="1.0" encoding="UTF-8"?>
<!-- Generated by org.testng.reporters.JUnitReportReporter -->
<testsuite skipped="0" hostname="Harman" name="Nav.validateTitle" tests="1" failures="0" timestamp="11 Apr 2019 16:09:19 GMT" time="42.526" errors="0">
  <testcase name="Vtitle" time="42.526" classname="Nav.validateTitle"/>
</testsuite> <!-- Nav.validateTitle -->
