<?xml version="1.0" encoding="UTF-8"?>
<!-- Generated by org.testng.reporters.JUnitReportReporter -->
<testsuite skipped="0" hostname="Harman" name="NavT.validateNavigationBar" tests="1" failures="0" timestamp="11 Apr 2019 18:42:50 GMT" time="16.434" errors="0">
  <testcase name="NavBar" time="16.434" classname="NavT.validateNavigationBar"/>
</testsuite> <!-- NavT.validateNavigationBar -->
