<?xml version="1.0" encoding="UTF-8"?>
<!-- Generated by org.testng.reporters.JUnitReportReporter -->
<testsuite skipped="0" hostname="Harman" name="CucumberOptions.TestRunner" tests="2" failures="0" timestamp="18 Apr 2019 15:23:48 GMT" time="34.878" errors="0">
  <testcase name="runScenario" time="17.752" classname="CucumberOptions.TestRunner"/>
  <testcase name="runScenario" time="17.126" classname="CucumberOptions.TestRunner"/>
</testsuite> <!-- CucumberOptions.TestRunner -->
