<?xml version="1.0" encoding="UTF-8"?>
<!-- Generated by org.testng.reporters.JUnitReportReporter -->
<testsuite skipped="0" hostname="Harman" name="NavT.validateTitleTest" tests="1" failures="0" timestamp="18 Apr 2019 15:23:48 GMT" time="9.845" errors="0">
  <testcase name="Vtitle" time="9.845" classname="NavT.validateTitleTest"/>
</testsuite> <!-- NavT.validateTitleTest -->
