<?xml version="1.0" encoding="UTF-8"?>
<!-- Generated by org.testng.reporters.JUnitReportReporter -->
<testsuite skipped="0" hostname="Harman" name="NavT.HomePageTest" tests="2" failures="0" timestamp="18 Apr 2019 15:23:48 GMT" time="45.196" errors="0">
  <testcase name="basePageNavigation" time="27.779" classname="NavT.HomePageTest"/>
  <testcase name="basePageNavigation" time="17.417" classname="NavT.HomePageTest"/>
</testsuite> <!-- NavT.HomePageTest -->
