<?xml version="1.0" encoding="UTF-8"?>
<!-- Generated by org.testng.reporters.JUnitReportReporter -->
<testsuite skipped="0" hostname="Harman" name="NavT.validateTitleTest" tests="1" failures="0" timestamp="18 Apr 2019 15:30:11 GMT" time="10.379" errors="0">
  <testcase name="Vtitle" time="10.379" classname="NavT.validateTitleTest"/>
</testsuite> <!-- NavT.validateTitleTest -->
