<?xml version="1.0" encoding="UTF-8"?>
<!-- Generated by org.testng.reporters.JUnitReportReporter -->
<testsuite skipped="0" hostname="Harman" name="NavT.HomePageTest" tests="2" failures="0" timestamp="18 Apr 2019 15:30:11 GMT" time="39.914" errors="0">
  <testcase name="basePageNavigation" time="19.271" classname="NavT.HomePageTest"/>
  <testcase name="basePageNavigation" time="20.643" classname="NavT.HomePageTest"/>
</testsuite> <!-- NavT.HomePageTest -->
