<?xml version="1.0" encoding="UTF-8"?>
<!-- Generated by org.testng.reporters.JUnitReportReporter -->
<testsuite skipped="0" hostname="Harman" name="NavT.validateNavigationBarTest" tests="1" failures="0" timestamp="18 Apr 2019 15:30:11 GMT" time="16.611" errors="0">
  <testcase name="NavBar" time="16.611" classname="NavT.validateNavigationBarTest"/>
</testsuite> <!-- NavT.validateNavigationBarTest -->
